{"/home/khstri/Project/Node_js_Bootcamp/secondDay/app.js": {"path":"/home/khstri/Project/Node_js_Bootcamp/secondDay/app.js","statementMap":{"0":{"start":{"line":3,"column":12},"end":{"line":3,"column":21}},"1":{"start":{"line":5,"column":0},"end":{"line":5,"column":24}},"2":{"start":{"line":7,"column":0},"end":{"line":9,"column":3}},"3":{"start":{"line":8,"column":2},"end":{"line":8,"column":58}}},"fnMap":{"0":{"name":"(anonymous_0)","decl":{"start":{"line":7,"column":13},"end":{"line":7,"column":14}},"loc":{"start":{"line":7,"column":27},"end":{"line":9,"column":1}},"line":7}},"branchMap":{},"s":{"0":1,"1":1,"2":1,"3":3},"f":{"0":3},"b":{},"inputSourceMap":null,"_coverageSchema":"1a1c01bbd47fc00a2c39e90264f33305004495a9","hash":"7a63ffacbcbc14161d9436649e1c35457e726fe1"}
}
